<?xml version="1.0" encoding="UTF-8"?>
<testng-results skipped="0" failed="1" total="1" passed="0">
  <reporter-output>
  </reporter-output>
  <suite name="Default suite" duration-ms="60166" started-at="2018-06-17T08:16:27Z" finished-at="2018-06-17T08:17:27Z">
    <groups>
    </groups>
    <test name="Default test" duration-ms="60166" started-at="2018-06-17T08:16:27Z" finished-at="2018-06-17T08:17:27Z">
      <class name="pageObjectsDesignTest.Test1">
        <test-method status="PASS" signature="arquillianBeforeSuite()[pri:0, instance:pageObjectsDesignTest.Test1@11fba17]" name="arquillianBeforeSuite" is-config="true" duration-ms="379" started-at="2018-06-17T01:16:26Z" finished-at="2018-06-17T01:16:27Z">
          <reporter-output>
          </reporter-output>
        </test-method> <!-- arquillianBeforeSuite -->
        <test-method status="PASS" signature="arquillianBeforeClass()[pri:0, instance:pageObjectsDesignTest.Test1@11fba17]" name="arquillianBeforeClass" is-config="true" duration-ms="5" started-at="2018-06-17T01:16:27Z" finished-at="2018-06-17T01:16:27Z">
          <reporter-output>
          </reporter-output>
        </test-method> <!-- arquillianBeforeClass -->
        <test-method status="PASS" signature="arquillianBeforeTest(java.lang.reflect.Method)[pri:0, instance:pageObjectsDesignTest.Test1@11fba17]" name="arquillianBeforeTest" is-config="true" duration-ms="22" started-at="2018-06-17T01:16:27Z" finished-at="2018-06-17T01:16:27Z">
          <params>
            <param index="0">
              <value>
                <![CDATA[public void pageObjectsDesignTest.Test1.googleSearchTest(pageObjectsDesignTest.Google)]]>
              </value>
            </param>
          </params>
          <reporter-output>
          </reporter-output>
        </test-method> <!-- arquillianBeforeTest -->
        <test-method status="FAIL" signature="googleSearchTest(pageObjectsDesignTest.Google)[pri:0, instance:pageObjectsDesignTest.Test1@11fba17]" name="googleSearchTest" duration-ms="60124" started-at="2018-06-17T01:16:27Z" data-provider="ARQUILLIAN_DATA_PROVIDER" finished-at="2018-06-17T01:17:27Z">
          <params>
            <param index="0">
              <value is-null="true"/>
            </param>
          </params>
          <exception class="org.jboss.arquillian.graphene.enricher.exception.GrapheneTestEnricherException">
            <message>
              <![CDATA[Error while initializing: class pageObjectsDesignTest.Google]]>
            </message>
            <full-stacktrace>
              <![CDATA[org.jboss.arquillian.graphene.enricher.exception.GrapheneTestEnricherException: Error while initializing: class pageObjectsDesignTest.Google
	at org.jboss.arquillian.graphene.location.LocationEnricher.goTo(LocationEnricher.java:94)
	at org.jboss.arquillian.graphene.location.LocationEnricher.resolve(LocationEnricher.java:81)
	at org.jboss.arquillian.testng.standalone.LocalTestMethodExecutor.enrichArguments(LocalTestMethodExecutor.java:87)
	at org.jboss.arquillian.testng.standalone.LocalTestMethodExecutor.execute(LocalTestMethodExecutor.java:54)
	at sun.reflect.NativeMethodAccessorImpl.invoke0(Native Method)
	at sun.reflect.NativeMethodAccessorImpl.invoke(Unknown Source)
	at sun.reflect.DelegatingMethodAccessorImpl.invoke(Unknown Source)
	at java.lang.reflect.Method.invoke(Unknown Source)
	at org.jboss.arquillian.core.impl.ObserverImpl.invoke(ObserverImpl.java:94)
	at org.jboss.arquillian.core.impl.EventContextImpl.invokeObservers(EventContextImpl.java:99)
	at org.jboss.arquillian.core.impl.EventContextImpl.proceed(EventContextImpl.java:81)
	at org.jboss.arquillian.test.impl.TestContextHandler.createSuiteContext(TestContextHandler.java:73)
	at sun.reflect.NativeMethodAccessorImpl.invoke0(Native Method)
	at sun.reflect.NativeMethodAccessorImpl.invoke(Unknown Source)
	at sun.reflect.DelegatingMethodAccessorImpl.invoke(Unknown Source)
	at java.lang.reflect.Method.invoke(Unknown Source)
	at org.jboss.arquillian.core.impl.ObserverImpl.invoke(ObserverImpl.java:94)
	at org.jboss.arquillian.core.impl.EventContextImpl.proceed(EventContextImpl.java:88)
	at org.jboss.arquillian.test.impl.TestContextHandler.createTestContext(TestContextHandler.java:130)
	at sun.reflect.NativeMethodAccessorImpl.invoke0(Native Method)
	at sun.reflect.NativeMethodAccessorImpl.invoke(Unknown Source)
	at sun.reflect.DelegatingMethodAccessorImpl.invoke(Unknown Source)
	at java.lang.reflect.Method.invoke(Unknown Source)
	at org.jboss.arquillian.core.impl.ObserverImpl.invoke(ObserverImpl.java:94)
	at org.jboss.arquillian.core.impl.EventContextImpl.proceed(EventContextImpl.java:88)
	at org.jboss.arquillian.test.impl.TestContextHandler.createClassContext(TestContextHandler.java:92)
	at sun.reflect.NativeMethodAccessorImpl.invoke0(Native Method)
	at sun.reflect.NativeMethodAccessorImpl.invoke(Unknown Source)
	at sun.reflect.DelegatingMethodAccessorImpl.invoke(Unknown Source)
	at java.lang.reflect.Method.invoke(Unknown Source)
	at org.jboss.arquillian.core.impl.ObserverImpl.invoke(ObserverImpl.java:94)
	at org.jboss.arquillian.core.impl.EventContextImpl.proceed(EventContextImpl.java:88)
	at org.jboss.arquillian.core.impl.ManagerImpl.fire(ManagerImpl.java:145)
	at org.jboss.arquillian.test.impl.EventTestRunnerAdaptor.test(EventTestRunnerAdaptor.java:136)
	at org.jboss.arquillian.testng.Arquillian.run(Arquillian.java:164)
	at sun.reflect.NativeMethodAccessorImpl.invoke0(Native Method)
	at sun.reflect.NativeMethodAccessorImpl.invoke(Unknown Source)
	at sun.reflect.DelegatingMethodAccessorImpl.invoke(Unknown Source)
	at java.lang.reflect.Method.invoke(Unknown Source)
	at org.testng.internal.MethodInvocationHelper.invokeHookable(MethodInvocationHelper.java:194)
	at org.testng.internal.Invoker.invokeMethod(Invoker.java:707)
	at org.testng.internal.Invoker.invokeTestMethod(Invoker.java:901)
	at org.testng.internal.Invoker.invokeTestMethods(Invoker.java:1231)
	at org.testng.internal.TestMethodWorker.invokeTestMethods(TestMethodWorker.java:127)
	at org.testng.internal.TestMethodWorker.run(TestMethodWorker.java:111)
	at org.testng.TestRunner.privateRun(TestRunner.java:767)
	at org.testng.TestRunner.run(TestRunner.java:617)
	at org.testng.SuiteRunner.runTest(SuiteRunner.java:334)
	at org.testng.SuiteRunner.runSequentially(SuiteRunner.java:329)
	at org.testng.SuiteRunner.privateRun(SuiteRunner.java:291)
	at org.testng.SuiteRunner.run(SuiteRunner.java:240)
	at org.testng.SuiteRunnerWorker.runSuite(SuiteRunnerWorker.java:52)
	at org.testng.SuiteRunnerWorker.run(SuiteRunnerWorker.java:86)
	at org.testng.TestNG.runSuitesSequentially(TestNG.java:1198)
	at org.testng.TestNG.runSuitesLocally(TestNG.java:1123)
	at org.testng.TestNG.run(TestNG.java:1031)
	at org.testng.remote.AbstractRemoteTestNG.run(AbstractRemoteTestNG.java:114)
	at org.testng.remote.RemoteTestNG.initAndRun(RemoteTestNG.java:251)
	at org.testng.remote.RemoteTestNG.main(RemoteTestNG.java:77)
Caused by: org.jboss.arquillian.drone.impl.DroneTimeoutException: Drone creation request timed out after 60 seconds. Make sure that browser or remote server in case of remotely executed driver is running and communication with Drone haven't failed.
	at org.jboss.arquillian.drone.impl.DronePointContextImpl.instantiateDrone(DronePointContextImpl.java:241)
	at org.jboss.arquillian.drone.impl.DronePointContextImpl.getInstance(DronePointContextImpl.java:85)
	at org.jboss.arquillian.drone.impl.DroneTestEnricher.enrichTestClass(DroneTestEnricher.java:141)
	at org.jboss.arquillian.drone.impl.DroneTestEnricher.enrich(DroneTestEnricher.java:69)
	at org.jboss.arquillian.graphene.enricher.AbstractSearchContextEnricher.enrichRecursively(AbstractSearchContextEnricher.java:69)
	at org.jboss.arquillian.graphene.enricher.PageObjectEnricher.setupPage(PageObjectEnricher.java:148)
	at org.jboss.arquillian.graphene.location.LocationEnricher.goTo(LocationEnricher.java:92)
	... 58 more
Caused by: java.util.concurrent.TimeoutException
	at java.util.concurrent.FutureTask.get(Unknown Source)
	at org.jboss.arquillian.drone.impl.DronePointContextImpl.instantiateDrone(DronePointContextImpl.java:221)
	... 64 more
]]>
            </full-stacktrace>
          </exception> <!-- org.jboss.arquillian.graphene.enricher.exception.GrapheneTestEnricherException -->
          <reporter-output>
          </reporter-output>
        </test-method> <!-- googleSearchTest -->
        <test-method status="PASS" signature="arquillianAfterTest(java.lang.reflect.Method)[pri:0, instance:pageObjectsDesignTest.Test1@11fba17]" name="arquillianAfterTest" is-config="true" duration-ms="2" started-at="2018-06-17T01:17:27Z" finished-at="2018-06-17T01:17:27Z">
          <params>
            <param index="0">
              <value>
                <![CDATA[public void pageObjectsDesignTest.Test1.googleSearchTest(pageObjectsDesignTest.Google)]]>
              </value>
            </param>
          </params>
          <reporter-output>
          </reporter-output>
        </test-method> <!-- arquillianAfterTest -->
        <test-method status="PASS" signature="arquillianAfterClass()[pri:0, instance:pageObjectsDesignTest.Test1@11fba17]" name="arquillianAfterClass" is-config="true" duration-ms="1" started-at="2018-06-17T01:17:27Z" finished-at="2018-06-17T01:17:27Z">
          <reporter-output>
          </reporter-output>
        </test-method> <!-- arquillianAfterClass -->
        <test-method status="PASS" signature="arquillianAfterSuite()[pri:0, instance:pageObjectsDesignTest.Test1@11fba17]" name="arquillianAfterSuite" is-config="true" duration-ms="2" started-at="2018-06-17T01:17:27Z" finished-at="2018-06-17T01:17:27Z">
          <reporter-output>
          </reporter-output>
        </test-method> <!-- arquillianAfterSuite -->
      </class> <!-- pageObjectsDesignTest.Test1 -->
    </test> <!-- Default test -->
  </suite> <!-- Default suite -->
</testng-results>
